#
# A fatal error has been detected by the Java Runtime Environment:
#
#  SIGSEGV (0xb) at pc=0x00007fa03cbf2114, pid=9722, tid=140323963533056
#
# JRE version: Java(TM) SE Runtime Environment (8.0_25-b17) (build 1.8.0_25-b17)
# Java VM: Java HotSpot(TM) 64-Bit Server VM (25.25-b02 mixed mode linux-amd64 compressed oops)
# Problematic frame:
# j  java.io.ObjectStreamClass$FieldReflector.getObjFieldValues(Ljava/lang/Object;[Ljava/lang/Object;)V+77
#
# Failed to write core dump. Core dumps have been disabled. To enable core dumping, try "ulimit -c unlimited" before starting Java again
#
# If you would like to submit a bug report, please visit:
#   http://bugreport.sun.com/bugreport/crash.jsp
#

---------------  T H R E A D  ---------------

Current thread (0x00007f9fd8001000):  JavaThread "localhost-startStop-2" daemon [_thread_in_Java, id=9852, stack(0x00007f9fb7eff000,0x00007f9fb8000000)]

siginfo: si_signo: 11 (SIGSEGV), si_code: 1 (SEGV_MAPERR), si_addr: 0x0000000003900340

Registers:
RAX=0x0000000003900338, RBX=0x0000000000000000, RCX=0x0000000000000000, RDX=0x0000000781c59520
RSP=0x00007f9fb7ffd9a8, RBP=0x00007f9fb7ffda00, RSI=0x0000000003900338, RDI=0x00007f9fb7ffd8e0
R8 =0x0000000000000000, R9 =0xfffffffffffffff8, R10=0x00007fa052117d60, R11=0x00007fa03d1e7458
R12=0x0000000000000000, R13=0x00007fa0330d5790, R14=0x00007f9fb7ffda28, R15=0x00007f9fd8001000
RIP=0x00007fa03cbf2114, EFLAGS=0x0000000000010202, CSGSFS=0x0000000000000033, ERR=0x0000000000000004
  TRAPNO=0x000000000000000e

Top of Stack: (sp=0x00007f9fb7ffd9a8)
0x00007f9fb7ffd9a8:   0000000003900338 0000000000000000
0x00007f9fb7ffd9b8:   0000000781c59520 00007f9fb7ffd9c0
0x00007f9fb7ffd9c8:   00007fa0330d578d 00007f9fb7ffda28
0x00007f9fb7ffd9d8:   00007fa0330d7428 0000000000000000
0x00007f9fb7ffd9e8:   00007fa0330d57b8 0000000000000000
0x00007f9fb7ffd9f8:   00007f9fb7ffda18 00007f9fb7ffda70
0x00007f9fb7ffda08:   00007fa03cbe098d 0000000000000000
0x00007f9fb7ffda18:   0000000781c59520 00000007802800d0
0x00007f9fb7ffda28:   0000000781c58de0 00007f9fb7ffda30
0x00007f9fb7ffda38:   00007fa0330a2186 00007f9fb7ffda90
0x00007f9fb7ffda48:   00007fa0330b6028 0000000000000000
0x00007f9fb7ffda58:   00007fa0330a2190 00007f9fb7ffda18
0x00007f9fb7ffda68:   00007f9fb7ffda80 00007f9fb7ffdad8
0x00007f9fb7ffda78:   00007fa03cbe098d 0000000781c59520
0x00007f9fb7ffda88:   00000007802800d0 0000000781c1d928
0x00007f9fb7ffda98:   00007f9fb7ffda98 00007fa0330950cd
0x00007f9fb7ffdaa8:   00007f9fb7ffdb30 00007fa033096028
0x00007f9fb7ffdab8:   0000000000000000 00007fa0330951a8
0x00007f9fb7ffdac8:   00007f9fb7ffda80 00007f9fb7ffdb20
0x00007f9fb7ffdad8:   00007f9fb7ffdb78 00007fa03cbe098d
0x00007f9fb7ffdae8:   0000000000000000 0000000000000000
0x00007f9fb7ffdaf8:   0000000000000000 0000000781c59520
0x00007f9fb7ffdb08:   0000000781c38078 0000000000000000
0x00007f9fb7ffdb18:   000000078027fbb8 0000000781c1d928
0x00007f9fb7ffdb28:   00000007802800d0 0000000781b9afb0
0x00007f9fb7ffdb38:   00007f9fb7ffdb38 00007fa033094f83
0x00007f9fb7ffdb48:   00007f9fb7ffdbc8 00007fa033096028
0x00007f9fb7ffdb58:   0000000000000000 00007fa033094fd0
0x00007f9fb7ffdb68:   00007f9fb7ffdb20 00007f9fb7ffdbb8
0x00007f9fb7ffdb78:   00007f9fb7ffdc10 00007fa03cbe098d
0x00007f9fb7ffdb88:   0000000000000000 0000000000000000
0x00007f9fb7ffdb98:   0000000000000000 0000000781c1d928 

Instructions: (pc=0x00007fa03cbf2114)
0x00007fa03cbf20f4:   8b 4c 24 08 48 8b 54 24 10 48 63 c9 3b 4a 0c 8b
0x00007fa03cbf2104:   d9 0f 83 f5 73 ff ff 48 85 c0 0f 84 36 01 00 00
0x00007fa03cbf2114:   8b 58 08 48 c1 e3 03 8b 42 08 48 c1 e0 03 48 8b
0x00007fa03cbf2124:   80 e8 00 00 00 48 8d 54 8a 10 48 8b 4d e0 48 85 

Register to memory mapping:

RAX=0x0000000003900338 is an unknown value
RBX=0x0000000000000000 is an unknown value
RCX=0x0000000000000000 is an unknown value
RDX=0x0000000781c59520 is an oop
[Ljava.lang.Object; 
 - klass: 'java/lang/Object'[]
 - length: 1
RSP=0x00007f9fb7ffd9a8 is pointing into the stack for thread: 0x00007f9fd8001000
RBP=0x00007f9fb7ffda00 is pointing into the stack for thread: 0x00007f9fd8001000
RSI=0x0000000003900338 is an unknown value
RDI=0x00007f9fb7ffd8e0 is pointing into the stack for thread: 0x00007f9fd8001000
R8 =0x0000000000000000 is an unknown value
R9 =0xfffffffffffffff8 is an unknown value
R10=0x00007fa052117d60: <offset 0xf5fd60> in /home/keertiraj/java/jdk1.8.0_25/jre/lib/amd64/server/libjvm.so at 0x00007fa0511b8000
R11=0x00007fa03d1e7458 is at entry_point+24 in (nmethod*)0x00007fa03d1e72d0
R12=0x0000000000000000 is an unknown value
R13=0x00007fa0330d5790 is pointing into metadata
R14=0x00007f9fb7ffda28 is pointing into the stack for thread: 0x00007f9fd8001000
R15=0x00007f9fd8001000 is a thread


Stack: [0x00007f9fb7eff000,0x00007f9fb8000000],  sp=0x00007f9fb7ffd9a8,  free space=1018k
Native frames: (J=compiled Java code, j=interpreted, Vv=VM code, C=native code)
j  java.io.ObjectStreamClass$FieldReflector.getObjFieldValues(Ljava/lang/Object;[Ljava/lang/Object;)V+77
j  java.io.ObjectStreamClass.getObjFieldValues(Ljava/lang/Object;[Ljava/lang/Object;)V+6
j  java.io.ObjectOutputStream.defaultWriteFields(Ljava/lang/Object;Ljava/io/ObjectStreamClass;)V+117
j  java.io.ObjectOutputStream.writeSerialData(Ljava/lang/Object;Ljava/io/ObjectStreamClass;)V+211
j  java.io.ObjectOutputStream.writeOrdinaryObject(Ljava/lang/Object;Ljava/io/ObjectStreamClass;Z)V+137
j  java.io.ObjectOutputStream.writeObject0(Ljava/lang/Object;Z)V+506
j  java.io.ObjectOutputStream.defaultWriteFields(Ljava/lang/Object;Ljava/io/ObjectStreamClass;)V+226
j  java.io.ObjectOutputStream.writeSerialData(Ljava/lang/Object;Ljava/io/ObjectStreamClass;)V+211
j  java.io.ObjectOutputStream.writeOrdinaryObject(Ljava/lang/Object;Ljava/io/ObjectStreamClass;Z)V+137
j  java.io.ObjectOutputStream.writeObject0(Ljava/lang/Object;Z)V+506
j  java.io.ObjectOutputStream.defaultWriteFields(Ljava/lang/Object;Ljava/io/ObjectStreamClass;)V+226
j  java.io.ObjectOutputStream.writeSerialData(Ljava/lang/Object;Ljava/io/ObjectStreamClass;)V+211
j  java.io.ObjectOutputStream.writeOrdinaryObject(Ljava/lang/Object;Ljava/io/ObjectStreamClass;Z)V+137
j  java.io.ObjectOutputStream.writeObject0(Ljava/lang/Object;Z)V+506
j  java.io.ObjectOutputStream.writeObject(Ljava/lang/Object;)V+16
j  org.apache.catalina.session.StandardSession.doWriteObject(Ljava/io/ObjectOutputStream;)V+290
j  org.apache.catalina.session.StandardSession.writeObjectData(Ljava/io/ObjectOutputStream;)V+2
j  org.apache.catalina.session.StandardManager.doUnload()V+438
j  org.apache.catalina.session.StandardManager.unload()V+84
j  org.apache.catalina.session.StandardManager.stopInternal()V+32
j  org.apache.catalina.util.LifecycleBase.stop()V+227
j  org.apache.catalina.core.StandardContext.stopInternal()V+120
j  org.apache.catalina.util.LifecycleBase.stop()V+227
j  org.apache.catalina.core.ContainerBase$StopChild.call()Ljava/lang/Void;+19
j  org.apache.catalina.core.ContainerBase$StopChild.call()Ljava/lang/Object;+1
j  java.util.concurrent.FutureTask.run()V+42
j  java.util.concurrent.ThreadPoolExecutor.runWorker(Ljava/util/concurrent/ThreadPoolExecutor$Worker;)V+95
j  java.util.concurrent.ThreadPoolExecutor$Worker.run()V+5
j  java.lang.Thread.run()V+11
v  ~StubRoutines::call_stub
V  [libjvm.so+0x664086]  JavaCalls::call_helper(JavaValue*, methodHandle*, JavaCallArguments*, Thread*)+0x1056
V  [libjvm.so+0x664591]  JavaCalls::call_virtual(JavaValue*, KlassHandle, Symbol*, Symbol*, JavaCallArguments*, Thread*)+0x321
V  [libjvm.so+0x664a37]  JavaCalls::call_virtual(JavaValue*, Handle, KlassHandle, Symbol*, Symbol*, Thread*)+0x47
V  [libjvm.so+0x6dee3e]  thread_entry(JavaThread*, Thread*)+0x7e
V  [libjvm.so+0xa29e8f]  JavaThread::thread_main_inner()+0xdf
V  [libjvm.so+0xa29fbc]  JavaThread::run()+0x11c
V  [libjvm.so+0x8e7d48]  java_start(Thread*)+0x108
C  [libpthread.so.0+0x8182]  start_thread+0xc2


---------------  P R O C E S S  ---------------

Java Threads: ( => current thread )
=>0x00007f9fd8001000 JavaThread "localhost-startStop-2" daemon [_thread_in_Java, id=9852, stack(0x00007f9fb7eff000,0x00007f9fb8000000)]
  0x00007f9fc800b800 JavaThread "Tomcat-startStop-2" daemon [_thread_blocked, id=9851, stack(0x00007fa02a6f9000,0x00007fa02a7fa000)]
  0x00007f9fc000d000 JavaThread "Thread-2" [_thread_blocked, id=9850, stack(0x00007f9fb7dfe000,0x00007f9fb7eff000)]
  0x00007fa008001000 JavaThread "SIGTERM handler" daemon [_thread_blocked, id=9848, stack(0x00007fa0280e9000,0x00007fa0281ea000)]
  0x00007f9fcc006000 JavaThread "http-nio-8080-exec-10" daemon [_thread_blocked, id=9801, stack(0x00007fa0283ea000,0x00007fa0284eb000)]
  0x00007f9fc0009000 JavaThread "http-nio-8080-exec-9" daemon [_thread_blocked, id=9800, stack(0x00007fa0284eb000,0x00007fa0285ec000)]
  0x00007f9fc0007000 JavaThread "http-nio-8080-exec-8" daemon [_thread_blocked, id=9799, stack(0x00007fa0285ec000,0x00007fa0286ed000)]
  0x00007f9fc0005000 JavaThread "http-nio-8080-exec-7" daemon [_thread_blocked, id=9798, stack(0x00007fa0286ed000,0x00007fa0287ee000)]
  0x00007f9fcc004800 JavaThread "http-nio-8080-exec-6" daemon [_thread_blocked, id=9797, stack(0x00007fa0287ee000,0x00007fa0288ef000)]
  0x00007f9fcc002800 JavaThread "http-nio-8080-exec-5" daemon [_thread_blocked, id=9796, stack(0x00007fa0288ef000,0x00007fa0289f0000)]
  0x00007f9fc0003800 JavaThread "http-nio-8080-exec-4" daemon [_thread_blocked, id=9787, stack(0x00007fa0289f0000,0x00007fa028af1000)]
  0x00007f9fcc001000 JavaThread "http-nio-8080-exec-3" daemon [_thread_blocked, id=9786, stack(0x00007fa028af1000,0x00007fa028bf2000)]
  0x00007f9fc0003000 JavaThread "http-nio-8080-exec-2" daemon [_thread_blocked, id=9785, stack(0x00007fa02abfa000,0x00007fa02acfb000)]
  0x00007f9fc0001800 JavaThread "http-nio-8080-exec-1" daemon [_thread_blocked, id=9784, stack(0x00007fa02acfb000,0x00007fa02adfc000)]
  0x00007fa04c00f000 JavaThread "DestroyJavaVM" [_thread_blocked, id=9724, stack(0x00007fa052c37000,0x00007fa052d38000)]
  0x00007fa04c81a800 JavaThread "http-nio-8080-Acceptor-0" daemon [_thread_blocked, id=9769, stack(0x00007fa0293f2000,0x00007fa0294f3000)]
  0x00007fa04c819000 JavaThread "http-nio-8080-ClientPoller-1" daemon [_thread_in_native, id=9768, stack(0x00007fa0294f3000,0x00007fa0295f4000)]
  0x00007fa04c917000 JavaThread "http-nio-8080-ClientPoller-0" daemon [_thread_in_native, id=9767, stack(0x00007fa0295f4000,0x00007fa0296f5000)]
  0x00007fa04c6a5800 JavaThread "NioBlockingSelector.BlockPoller-1" daemon [_thread_in_native, id=9766, stack(0x00007fa0296f5000,0x00007fa0297f6000)]
  0x00007fa04ce1a800 JavaThread "container-0" [_thread_blocked, id=9765, stack(0x00007fa0299f6000,0x00007fa029af7000)]
  0x00007f9fe42f1800 JavaThread "Abandoned connection cleanup thread" daemon [_thread_blocked, id=9762, stack(0x00007fa02a5f8000,0x00007fa02a6f9000)]
  0x00007fa04c761800 JavaThread "FileSystemWatcher: files=#19 cl=sun.misc.Launcher$AppClassLoader@58644d46" daemon [_thread_blocked, id=9746, stack(0x00007fa02bbfc000,0x00007fa02bcfd000)]
  0x00007fa04c73e000 JavaThread "RMI TCP Accept-0" daemon [_thread_in_native, id=9744, stack(0x00007fa02bdfe000,0x00007fa02beff000)]
  0x00007fa04c71f000 JavaThread "RMI TCP Accept-56255" daemon [_thread_in_native, id=9743, stack(0x00007fa02beff000,0x00007fa02c000000)]
  0x00007fa04c6f3800 JavaThread "RMI TCP Accept-0" daemon [_thread_in_native, id=9742, stack(0x00007fa030093000,0x00007fa030194000)]
  0x00007fa04c551800 JavaThread "Service Thread" daemon [_thread_blocked, id=9741, stack(0x00007fa0307c9000,0x00007fa0308ca000)]
  0x00007fa04c526000 JavaThread "C1 CompilerThread2" daemon [_thread_blocked, id=9740, stack(0x00007fa0308ca000,0x00007fa0309cb000)]
  0x00007fa04c516000 JavaThread "C2 CompilerThread1" daemon [_thread_in_native, id=9739, stack(0x00007fa0309cb000,0x00007fa030acc000)]
  0x00007fa04c51d000 JavaThread "C2 CompilerThread0" daemon [_thread_blocked, id=9738, stack(0x00007fa030acc000,0x00007fa030bcd000)]
  0x00007fa04c176000 JavaThread "Signal Dispatcher" daemon [_thread_blocked, id=9737, stack(0x00007fa030e1e000,0x00007fa030f1f000)]
  0x00007fa04c148800 JavaThread "Finalizer" daemon [_thread_blocked, id=9735, stack(0x00007fa031601000,0x00007fa031702000)]
  0x00007fa04c146800 JavaThread "Reference Handler" daemon [_thread_blocked, id=9734, stack(0x00007fa031702000,0x00007fa031803000)]

Other Threads:
  0x00007fa04c13f800 VMThread [stack: 0x00007fa031803000,0x00007fa031904000] [id=9733]
  0x00007fa04c740800 WatcherThread [stack: 0x00007fa02bcfd000,0x00007fa02bdfe000] [id=9745]

VM state:not at safepoint (normal execution)

VM Mutex/Monitor currently owned by a thread: None

Heap:
 PSYoungGen      total 417280K, used 357330K [0x000000076cf00000, 0x000000078e200000, 0x00000007c0000000)
  eden space 397312K, 86% used [0x000000076cf00000,0x0000000781d85ce0,0x0000000785300000)
  from space 19968K, 74% used [0x0000000785300000,0x000000078616ed70,0x0000000786680000)
  to   space 20992K, 0% used [0x000000078cd80000,0x000000078cd80000,0x000000078e200000)
 ParOldGen       total 174080K, used 29246K [0x00000006c6c00000, 0x00000006d1600000, 0x000000076cf00000)
  object space 174080K, 16% used [0x00000006c6c00000,0x00000006c888f838,0x00000006d1600000)
 Metaspace       used 53674K, capacity 54332K, committed 54744K, reserved 1097728K
  class space    used 6221K, capacity 6344K, committed 6400K, reserved 1048576K

Card table byte_map: [0x00007fa03c04e000,0x00007fa03c819000] byte_map_base: 0x00007fa038a18000

Marking Bits: (ParMarkBitMap*) 0x00007fa0521122c0
 Begin Bits: [0x00007fa033a78000, 0x00007fa0378c8000)
 End Bits:   [0x00007fa0378c8000, 0x00007fa03b718000)

Polling page: 0x00007fa052d58000

CodeCache: size=245760Kb used=17047Kb max_used=17061Kb free=228712Kb
 bounds [0x00007fa03cbd9000, 0x00007fa03dc99000, 0x00007fa04bbd9000]
 total_blobs=5492 nmethods=4943 adapters=462
 compilation: enabled

Compilation events (10 events):
Event: 122.498 Thread 0x00007fa04c526000 5968       3       sun.reflect.AccessorGenerator::isPrimitive (20 bytes)
Event: 122.498 Thread 0x00007fa04c526000 nmethod 5968 0x00007fa03d080710 code [0x00007fa03d080880, 0x00007fa03d080b28]
Event: 122.499 Thread 0x00007fa04c526000 5969       1       java.lang.reflect.InvocationTargetException::getCause (5 bytes)
Event: 122.499 Thread 0x00007fa04c526000 nmethod 5969 0x00007fa03d152990 code [0x00007fa03d152ae0, 0x00007fa03d152bf0]
Event: 122.499 Thread 0x00007fa04c526000 5964       3       java.lang.Long::valueOf (36 bytes)
Event: 122.499 Thread 0x00007fa04c526000 nmethod 5964 0x00007fa03cdb09d0 code [0x00007fa03cdb0b60, 0x00007fa03cdb0ed0]
Event: 122.503 Thread 0x00007fa04c51d000 nmethod 5967 0x00007fa03dc93c10 code [0x00007fa03dc93d80, 0x00007fa03dc94108]
Event: 122.503 Thread 0x00007fa04c51d000 5971       4       sun.reflect.ClassFileAssembler::emitShort (24 bytes)
Event: 122.507 Thread 0x00007fa04c51d000 nmethod 5971 0x00007fa03cdb2a50 code [0x00007fa03cdb2be0, 0x00007fa03cdb2e78]
Event: 122.507 Thread 0x00007fa04c51d000 5970       4       java.lang.Class::checkMemberAccess (49 bytes)

GC Heap History (10 events):
Event: 4.094 GC heap before
{Heap before GC invocations=7 (full 1):
 PSYoungGen      total 268288K, used 9171K [0x000000076cf00000, 0x000000077e100000, 0x00000007c0000000)
  eden space 257536K, 0% used [0x000000076cf00000,0x000000076cf00000,0x000000077ca80000)
  from space 10752K, 85% used [0x000000077d580000,0x000000077de74ca0,0x000000077e000000)
  to   space 11264K, 0% used [0x000000077ca80000,0x000000077ca80000,0x000000077d580000)
 ParOldGen       total 171008K, used 301K [0x00000006c6c00000, 0x00000006d1300000, 0x000000076cf00000)
  object space 171008K, 0% used [0x00000006c6c00000,0x00000006c6c4b4c0,0x00000006d1300000)
 Metaspace       used 20854K, capacity 21060K, committed 21248K, reserved 1069056K
  class space    used 2465K, capacity 2524K, committed 2560K, reserved 1048576K
Event: 4.165 GC heap after
Heap after GC invocations=7 (full 1):
 PSYoungGen      total 268288K, used 0K [0x000000076cf00000, 0x000000077e100000, 0x00000007c0000000)
  eden space 257536K, 0% used [0x000000076cf00000,0x000000076cf00000,0x000000077ca80000)
  from space 10752K, 0% used [0x000000077d580000,0x000000077d580000,0x000000077e000000)
  to   space 11264K, 0% used [0x000000077ca80000,0x000000077ca80000,0x000000077d580000)
 ParOldGen       total 100352K, used 9011K [0x00000006c6c00000, 0x00000006cce00000, 0x000000076cf00000)
  object space 100352K, 8% used [0x00000006c6c00000,0x00000006c74cce40,0x00000006cce00000)
 Metaspace       used 20854K, capacity 21060K, committed 21248K, reserved 1069056K
  class space    used 2465K, capacity 2524K, committed 2560K, reserved 1048576K
}
Event: 6.056 GC heap before
{Heap before GC invocations=8 (full 1):
 PSYoungGen      total 268288K, used 257536K [0x000000076cf00000, 0x000000077e100000, 0x00000007c0000000)
  eden space 257536K, 100% used [0x000000076cf00000,0x000000077ca80000,0x000000077ca80000)
  from space 10752K, 0% used [0x000000077d580000,0x000000077d580000,0x000000077e000000)
  to   space 11264K, 0% used [0x000000077ca80000,0x000000077ca80000,0x000000077d580000)
 ParOldGen       total 100352K, used 9011K [0x00000006c6c00000, 0x00000006cce00000, 0x000000076cf00000)
  object space 100352K, 8% used [0x00000006c6c00000,0x00000006c74cce40,0x00000006cce00000)
 Metaspace       used 27429K, capacity 27764K, committed 28032K, reserved 1073152K
  class space    used 3254K, capacity 3336K, committed 3456K, reserved 1048576K
Event: 6.083 GC heap after
Heap after GC invocations=8 (full 1):
 PSYoungGen      total 268800K, used 11260K [0x000000076cf00000, 0x0000000787600000, 0x00000007c0000000)
  eden space 257536K, 0% used [0x000000076cf00000,0x000000076cf00000,0x000000077ca80000)
  from space 11264K, 99% used [0x000000077ca80000,0x000000077d57f120,0x000000077d580000)
  to   space 15872K, 0% used [0x0000000786680000,0x0000000786680000,0x0000000787600000)
 ParOldGen       total 100352K, used 15419K [0x00000006c6c00000, 0x00000006cce00000, 0x000000076cf00000)
  object space 100352K, 15% used [0x00000006c6c00000,0x00000006c7b0ecd8,0x00000006cce00000)
 Metaspace       used 27429K, capacity 27764K, committed 28032K, reserved 1073152K
  class space    used 3254K, capacity 3336K, committed 3456K, reserved 1048576K
}
Event: 7.384 GC heap before
{Heap before GC invocations=9 (full 1):
 PSYoungGen      total 268800K, used 145674K [0x000000076cf00000, 0x0000000787600000, 0x00000007c0000000)
  eden space 257536K, 52% used [0x000000076cf00000,0x0000000775243740,0x000000077ca80000)
  from space 11264K, 99% used [0x000000077ca80000,0x000000077d57f120,0x000000077d580000)
  to   space 15872K, 0% used [0x0000000786680000,0x0000000786680000,0x0000000787600000)
 ParOldGen       total 100352K, used 15419K [0x00000006c6c00000, 0x00000006cce00000, 0x000000076cf00000)
  object space 100352K, 15% used [0x00000006c6c00000,0x00000006c7b0ecd8,0x00000006cce00000)
 Metaspace       used 34653K, capacity 34960K, committed 35416K, reserved 1081344K
  class space    used 4147K, capacity 4210K, committed 4224K, reserved 1048576K
Event: 7.416 GC heap after
Heap after GC invocations=9 (full 1):
 PSYoungGen      total 413184K, used 15852K [0x000000076cf00000, 0x0000000787f80000, 0x00000007c0000000)
  eden space 397312K, 0% used [0x000000076cf00000,0x000000076cf00000,0x0000000785300000)
  from space 15872K, 99% used [0x0000000786680000,0x00000007875fb1a8,0x0000000787600000)
  to   space 19968K, 0% used [0x0000000785300000,0x0000000785300000,0x0000000786680000)
 ParOldGen       total 100352K, used 19468K [0x00000006c6c00000, 0x00000006cce00000, 0x000000076cf00000)
  object space 100352K, 19% used [0x00000006c6c00000,0x00000006c7f03290,0x00000006cce00000)
 Metaspace       used 34653K, capacity 34960K, committed 35416K, reserved 1081344K
  class space    used 4147K, capacity 4210K, committed 4224K, reserved 1048576K
}
Event: 7.416 GC heap before
{Heap before GC invocations=10 (full 2):
 PSYoungGen      total 413184K, used 15852K [0x000000076cf00000, 0x0000000787f80000, 0x00000007c0000000)
  eden space 397312K, 0% used [0x000000076cf00000,0x000000076cf00000,0x0000000785300000)
  from space 15872K, 99% used [0x0000000786680000,0x00000007875fb1a8,0x0000000787600000)
  to   space 19968K, 0% used [0x0000000785300000,0x0000000785300000,0x0000000786680000)
 ParOldGen       total 100352K, used 19468K [0x00000006c6c00000, 0x00000006cce00000, 0x000000076cf00000)
  object space 100352K, 19% used [0x00000006c6c00000,0x00000006c7f03290,0x00000006cce00000)
 Metaspace       used 34653K, capacity 34960K, committed 35416K, reserved 1081344K
  class space    used 4147K, capacity 4210K, committed 4224K, reserved 1048576K
Event: 7.532 GC heap after
Heap after GC invocations=10 (full 2):
 PSYoungGen      total 413184K, used 0K [0x000000076cf00000, 0x0000000787f80000, 0x00000007c0000000)
  eden space 397312K, 0% used [0x000000076cf00000,0x000000076cf00000,0x0000000785300000)
  from space 15872K, 0% used [0x0000000786680000,0x0000000786680000,0x0000000787600000)
  to   space 19968K, 0% used [0x0000000785300000,0x0000000785300000,0x0000000786680000)
 ParOldGen       total 174080K, used 29238K [0x00000006c6c00000, 0x00000006d1600000, 0x000000076cf00000)
  object space 174080K, 16% used [0x00000006c6c00000,0x00000006c888d838,0x00000006d1600000)
 Metaspace       used 34652K, capacity 34958K, committed 35416K, reserved 1081344K
  class space    used 4146K, capacity 4209K, committed 4224K, reserved 1048576K
}
Event: 9.661 GC heap before
{Heap before GC invocations=11 (full 2):
 PSYoungGen      total 413184K, used 397312K [0x000000076cf00000, 0x0000000787f80000, 0x00000007c0000000)
  eden space 397312K, 100% used [0x000000076cf00000,0x0000000785300000,0x0000000785300000)
  from space 15872K, 0% used [0x0000000786680000,0x0000000786680000,0x0000000787600000)
  to   space 19968K, 0% used [0x0000000785300000,0x0000000785300000,0x0000000786680000)
 ParOldGen       total 174080K, used 29238K [0x00000006c6c00000, 0x00000006d1600000, 0x000000076cf00000)
  object space 174080K, 16% used [0x00000006c6c00000,0x00000006c888d838,0x00000006d1600000)
 Metaspace       used 41551K, capacity 41954K, committed 42328K, reserved 1087488K
  class space    used 5068K, capacity 5168K, committed 5248K, reserved 1048576K
Event: 9.693 GC heap after
Heap after GC invocations=11 (full 2):
 PSYoungGen      total 417280K, used 14779K [0x000000076cf00000, 0x000000078e200000, 0x00000007c0000000)
  eden space 397312K, 0% used [0x000000076cf00000,0x000000076cf00000,0x0000000785300000)
  from space 19968K, 74% used [0x0000000785300000,0x000000078616ed70,0x0000000786680000)
  to   space 20992K, 0% used [0x000000078cd80000,0x000000078cd80000,0x000000078e200000)
 ParOldGen       total 174080K, used 29246K [0x00000006c6c00000, 0x00000006d1600000, 0x000000076cf00000)
  object space 174080K, 16% used [0x00000006c6c00000,0x00000006c888f838,0x00000006d1600000)
 Metaspace       used 41551K, capacity 41954K, committed 42328K, reserved 1087488K
  class space    used 5068K, capacity 5168K, committed 5248K, reserved 1048576K
}

Deoptimization events (10 events):
Event: 99.371 Thread 0x00007f9fe4857800 Uncommon trap: reason=bimorphic action=maybe_recompile pc=0x00007fa03d98025c method=java.util.AbstractCollection.addAll(Ljava/util/Collection;)Z @ 29
Event: 119.237 Thread 0x00007fa04c761800 Uncommon trap: reason=predicate action=maybe_recompile pc=0x00007fa03d469bf4 method=sl.org.objectweb.asm.ClassReader.b(Lsl/org/objectweb/asm/ClassVisitor;Lsl/org/objectweb/asm/Context;I)I @ 798
Event: 119.246 Thread 0x00007fa04c761800 Uncommon trap: reason=bimorphic action=maybe_recompile pc=0x00007fa03db8bd90 method=org.springsource.loaded.TypeRegistry.getTypeRegistryFor(Ljava/lang/ClassLoader;)Lorg/springsource/loaded/TypeRegistry; @ 167
Event: 119.246 Thread 0x00007fa04c761800 Uncommon trap: reason=bimorphic action=maybe_recompile pc=0x00007fa03db8bd90 method=org.springsource.loaded.TypeRegistry.getTypeRegistryFor(Ljava/lang/ClassLoader;)Lorg/springsource/loaded/TypeRegistry; @ 167
Event: 122.490 Thread 0x00007f9fd8001000 Uncommon trap: reason=unreached action=reinterpret pc=0x00007fa03d1a0b2c method=java.util.HashMap.removeNode(ILjava/lang/Object;Ljava/lang/Object;ZZ)Ljava/util/HashMap$Node; @ 133
Event: 122.491 Thread 0x00007f9fd8001000 Uncommon trap: reason=unreached action=reinterpret pc=0x00007fa03cdb1c60 method=java.util.HashMap.removeNode(ILjava/lang/Object;Ljava/lang/Object;ZZ)Ljava/util/HashMap$Node; @ 133
Event: 122.506 Thread 0x00007f9fd8001000 Uncommon trap: reason=class_check action=maybe_recompile pc=0x00007fa03dc93eb4 method=java.lang.Throwable.<init>(Ljava/lang/Throwable;)V @ 24
Event: 122.507 Thread 0x00007f9fd8001000 Uncommon trap: reason=class_check action=maybe_recompile pc=0x00007fa03dc93eb4 method=java.lang.Throwable.<init>(Ljava/lang/Throwable;)V @ 24
Event: 122.507 Thread 0x00007f9fd8001000 Uncommon trap: reason=class_check action=maybe_recompile pc=0x00007fa03dc93eb4 method=java.lang.Throwable.<init>(Ljava/lang/Throwable;)V @ 24
Event: 122.507 Thread 0x00007f9fd8001000 Uncommon trap: reason=class_check action=maybe_recompile pc=0x00007fa03dc93eb4 method=java.lang.Throwable.<init>(Ljava/lang/Throwable;)V @ 24

Internal exceptions (10 events):
Event: 122.495 Thread 0x00007f9fd8001000 Exception <a 'java/lang/reflect/InvocationTargetException'> (0x0000000781bc6538) thrown at [/HUDSON/workspace/8-2-build-linux-amd64/jdk8u25/1514/hotspot/src/share/vm/runtime/reflection.cpp, line 1080]
Event: 122.496 Thread 0x00007f9fd8001000 Exception <a 'java/lang/reflect/InvocationTargetException'> (0x0000000781bcda88) thrown at [/HUDSON/workspace/8-2-build-linux-amd64/jdk8u25/1514/hotspot/src/share/vm/runtime/reflection.cpp, line 1080]
Event: 122.496 Thread 0x00007f9fd8001000 Exception <a 'java/lang/reflect/InvocationTargetException'> (0x0000000781bce128) thrown at [/HUDSON/workspace/8-2-build-linux-amd64/jdk8u25/1514/hotspot/src/share/vm/runtime/reflection.cpp, line 1080]
Event: 122.496 Thread 0x00007f9fd8001000 Exception <a 'java/lang/reflect/InvocationTargetException'> (0x0000000781bd9b68) thrown at [/HUDSON/workspace/8-2-build-linux-amd64/jdk8u25/1514/hotspot/src/share/vm/runtime/reflection.cpp, line 1080]
Event: 122.498 Thread 0x00007f9fd8001000 Exception <a 'java/lang/reflect/InvocationTargetException'> (0x0000000781be4990) thrown at [/HUDSON/workspace/8-2-build-linux-amd64/jdk8u25/1514/hotspot/src/share/vm/runtime/reflection.cpp, line 1080]
Event: 122.498 Thread 0x00007f9fd8001000 Exception <a 'java/lang/NoSuchMethodError': <clinit>> (0x0000000781be4d10) thrown at [/HUDSON/workspace/8-2-build-linux-amd64/jdk8u25/1514/hotspot/src/share/vm/prims/jni.cpp, line 1603]
Event: 122.505 Thread 0x00007f9fd8001000 Exception <a 'java/security/PrivilegedActionException'> (0x0000000781c1e260) thrown at [/HUDSON/workspace/8-2-build-linux-amd64/jdk8u25/1514/hotspot/src/share/vm/prims/jvm.cpp, line 1312]
Event: 122.505 Thread 0x00007f9fd8001000 Exception <a 'java/security/PrivilegedActionException'> (0x0000000781c299f8) thrown at [/HUDSON/workspace/8-2-build-linux-amd64/jdk8u25/1514/hotspot/src/share/vm/prims/jvm.cpp, line 1312]
Event: 122.506 Thread 0x00007f9fd8001000 Exception <a 'java/security/PrivilegedActionException'> (0x0000000781c3b518) thrown at [/HUDSON/workspace/8-2-build-linux-amd64/jdk8u25/1514/hotspot/src/share/vm/prims/jvm.cpp, line 1312]
Event: 122.507 Thread 0x00007f9fd8001000 Exception <a 'java/security/PrivilegedActionException'> (0x0000000781c49460) thrown at [/HUDSON/workspace/8-2-build-linux-amd64/jdk8u25/1514/hotspot/src/share/vm/prims/jvm.cpp, line 1312]

Events (10 events):
Event: 122.507 loading class org/springsource/loaded/ri/ReloadedTypeInvoker$2 done
Event: 122.507 Thread 0x00007f9fd8001000 Uncommon trap: trap_request=0xffffffde fr.pc=0x00007fa03dc93eb4
Event: 122.507 Thread 0x00007f9fd8001000 DEOPT PACKING pc=0x00007fa03dc93eb4 sp=0x00007f9fb7ffcc50
Event: 122.507 Thread 0x00007f9fd8001000 DEOPT UNPACKING pc=0x00007fa03cbddf69 sp=0x00007f9fb7ffcbc8 mode 2
Event: 122.507 Thread 0x00007f9fd8001000 Uncommon trap: trap_request=0xffffffde fr.pc=0x00007fa03dc93eb4
Event: 122.507 Thread 0x00007f9fd8001000 DEOPT PACKING pc=0x00007fa03dc93eb4 sp=0x00007f9fb7ffcc50
Event: 122.507 Thread 0x00007f9fd8001000 DEOPT UNPACKING pc=0x00007fa03cbddf69 sp=0x00007f9fb7ffcbc8 mode 2
Event: 122.507 Thread 0x00007f9fd8001000 Uncommon trap: trap_request=0xffffffde fr.pc=0x00007fa03dc93eb4
Event: 122.507 Thread 0x00007f9fd8001000 DEOPT PACKING pc=0x00007fa03dc93eb4 sp=0x00007f9fb7ffcc50
Event: 122.507 Thread 0x00007f9fd8001000 DEOPT UNPACKING pc=0x00007fa03cbddf69 sp=0x00007f9fb7ffcbc8 mode 2


Dynamic libraries:
00400000-00401000 r-xp 00000000 08:01 31994716                           /home/keertiraj/java/jdk1.8.0_25/bin/java
00600000-00601000 rw-p 00000000 08:01 31994716                           /home/keertiraj/java/jdk1.8.0_25/bin/java
02077000-02098000 rw-p 00000000 00:00 0                                  [heap]
6c6c00000-6d1600000 rw-p 00000000 00:00 0 
6d1600000-76cf00000 ---p 00000000 00:00 0 
76cf00000-78e200000 rw-p 00000000 00:00 0 
78e200000-7c0000000 ---p 00000000 00:00 0 
7c0000000-7c0640000 rw-p 00000000 00:00 0 
7c0640000-800000000 ---p 00000000 00:00 0 
7f9fb0000000-7f9fb008a000 rw-p 00000000 00:00 0 
7f9fb008a000-7f9fb4000000 ---p 00000000 00:00 0 
7f9fb7dfe000-7f9fb7e01000 ---p 00000000 00:00 0 
7f9fb7e01000-7f9fb7eff000 rw-p 00000000 00:00 0                          [stack:9850]
7f9fb7eff000-7f9fb7f02000 ---p 00000000 00:00 0 
7f9fb7f02000-7f9fb8000000 rw-p 00000000 00:00 0                          [stack:9852]
7f9fb8000000-7f9fb8021000 rw-p 00000000 00:00 0 
7f9fb8021000-7f9fbc000000 ---p 00000000 00:00 0 
7f9fbc000000-7f9fbc02f000 rw-p 00000000 00:00 0 
7f9fbc02f000-7f9fc0000000 ---p 00000000 00:00 0 
7f9fc0000000-7f9fc0021000 rw-p 00000000 00:00 0 
7f9fc0021000-7f9fc4000000 ---p 00000000 00:00 0 
7f9fc4000000-7f9fc4286000 rw-p 00000000 00:00 0 
7f9fc4286000-7f9fc8000000 ---p 00000000 00:00 0 
7f9fc8000000-7f9fc8021000 rw-p 00000000 00:00 0 
7f9fc8021000-7f9fcc000000 ---p 00000000 00:00 0 
7f9fcc000000-7f9fcc297000 rw-p 00000000 00:00 0 
7f9fcc297000-7f9fd0000000 ---p 00000000 00:00 0 
7f9fd0000000-7f9fd0021000 rw-p 00000000 00:00 0 
7f9fd0021000-7f9fd4000000 ---p 00000000 00:00 0 
7f9fd4000000-7f9fd4021000 rw-p 00000000 00:00 0 
7f9fd4021000-7f9fd8000000 ---p 00000000 00:00 0 
7f9fd8000000-7f9fd8021000 rw-p 00000000 00:00 0 
7f9fd8021000-7f9fdc000000 ---p 00000000 00:00 0 
7f9fdc000000-7f9fdc021000 rw-p 00000000 00:00 0 
7f9fdc021000-7f9fe0000000 ---p 00000000 00:00 0 
7f9fe0000000-7f9fe03e2000 rw-p 00000000 00:00 0 
7f9fe03e2000-7f9fe4000000 ---p 00000000 00:00 0 
7f9fe4000000-7f9fe4867000 rw-p 00000000 00:00 0 
7f9fe4867000-7f9fe8000000 ---p 00000000 00:00 0 
7f9fe8000000-7f9fe8021000 rw-p 00000000 00:00 0 
7f9fe8021000-7f9fec000000 ---p 00000000 00:00 0 
7f9fec000000-7f9fec0f2000 rw-p 00000000 00:00 0 
7f9fec0f2000-7f9ff0000000 ---p 00000000 00:00 0 
7f9ff0000000-7f9ff0021000 rw-p 00000000 00:00 0 
7f9ff0021000-7f9ff4000000 ---p 00000000 00:00 0 
7f9ff4000000-7f9ff4021000 rw-p 00000000 00:00 0 
7f9ff4021000-7f9ff8000000 ---p 00000000 00:00 0 
7f9ff8000000-7f9ff8021000 rw-p 00000000 00:00 0 
7f9ff8021000-7f9ffc000000 ---p 00000000 00:00 0 
7f9ffc000000-7f9ffc021000 rw-p 00000000 00:00 0 
7f9ffc021000-7fa000000000 ---p 00000000 00:00 0 
7fa000000000-7fa00181a000 rw-p 00000000 00:00 0 
7fa00181a000-7fa004000000 ---p 00000000 00:00 0 
7fa004000000-7fa004ecc000 rw-p 00000000 00:00 0 
7fa004ecc000-7fa008000000 ---p 00000000 00:00 0 
7fa008000000-7fa008021000 rw-p 00000000 00:00 0 
7fa008021000-7fa00c000000 ---p 00000000 00:00 0 
7fa00c000000-7fa00e628000 rw-p 00000000 00:00 0 
7fa00e628000-7fa010000000 ---p 00000000 00:00 0 
7fa010000000-7fa010021000 rw-p 00000000 00:00 0 
7fa010021000-7fa014000000 ---p 00000000 00:00 0 
7fa014000000-7fa014021000 rw-p 00000000 00:00 0 
7fa014021000-7fa018000000 ---p 00000000 00:00 0 
7fa018000000-7fa018021000 rw-p 00000000 00:00 0 
7fa018021000-7fa01c000000 ---p 00000000 00:00 0 
7fa01c000000-7fa01c189000 rw-p 00000000 00:00 0 
7fa01c189000-7fa020000000 ---p 00000000 00:00 0 
7fa020000000-7fa020021000 rw-p 00000000 00:00 0 
7fa020021000-7fa024000000 ---p 00000000 00:00 0 
7fa024000000-7fa024021000 rw-p 00000000 00:00 0 
7fa024021000-7fa028000000 ---p 00000000 00:00 0 
7fa0280e9000-7fa0280ec000 ---p 00000000 00:00 0 
7fa0280ec000-7fa02832a000 rw-p 00000000 00:00 0                          [stack:9848]
7fa02832a000-7fa0283ea000 ---p 00000000 00:00 0 
7fa0283ea000-7fa0283ed000 ---p 00000000 00:00 0 
7fa0283ed000-7fa0284eb000 rw-p 00000000 00:00 0                          [stack:9801]
7fa0284eb000-7fa0284ee000 ---p 00000000 00:00 0 
7fa0284ee000-7fa0285ec000 rw-p 00000000 00:00 0                          [stack:9800]
7fa0285ec000-7fa0285ef000 ---p 00000000 00:00 0 
7fa0285ef000-7fa0286ed000 rw-p 00000000 00:00 0                          [stack:9799]
7fa0286ed000-7fa0286f0000 ---p 00000000 00:00 0 
7fa0286f0000-7fa0287ee000 rw-p 00000000 00:00 0                          [stack:9798]
7fa0287ee000-7fa0287f1000 ---p 00000000 00:00 0 
7fa0287f1000-7fa0288ef000 rw-p 00000000 00:00 0                          [stack:9797]
7fa0288ef000-7fa0288f2000 ---p 00000000 00:00 0 
7fa0288f2000-7fa0289f0000 rw-p 00000000 00:00 0                          [stack:9796]
7fa0289f0000-7fa0289f3000 ---p 00000000 00:00 0 
7fa0289f3000-7fa028af1000 rw-p 00000000 00:00 0                          [stack:9787]
7fa028af1000-7fa028af4000 ---p 00000000 00:00 0 
7fa028af4000-7fa028df2000 rw-p 00000000 00:00 0                          [stack:9786]
7fa028df2000-7fa028ff2000 rw-p 00000000 00:00 0 
7fa028ff2000-7fa0291f2000 rw-p 00000000 00:00 0 
7fa0291f2000-7fa0293f2000 rw-p 00000000 00:00 0 
7fa0293f2000-7fa0293f5000 ---p 00000000 00:00 0 
7fa0293f5000-7fa0294f3000 rw-p 00000000 00:00 0                          [stack:9769]
7fa0294f3000-7fa0294f6000 ---p 00000000 00:00 0 
7fa0294f6000-7fa0295f4000 rw-p 00000000 00:00 0                          [stack:9768]
7fa0295f4000-7fa0295f7000 ---p 00000000 00:00 0 
7fa0295f7000-7fa0296f5000 rw-p 00000000 00:00 0                          [stack:9767]
7fa0296f5000-7fa0296f8000 ---p 00000000 00:00 0 
7fa0296f8000-7fa0299f6000 rw-p 00000000 00:00 0                          [stack:9766]
7fa0299f6000-7fa0299f9000 ---p 00000000 00:00 0 
7fa0299f9000-7fa029af7000 rw-p 00000000 00:00 0                          [stack:9765]
7fa029af7000-7fa029afa000 ---p 00000000 00:00 0 
7fa029afa000-7fa029df8000 rw-p 00000000 00:00 0 
7fa029df8000-7fa029ff8000 rw-p 00000000 00:00 0 
7fa029ff8000-7fa02a1ee000 rw-p 00000000 00:00 0 
7fa02a1ee000-7fa02a1f8000 ---p 00000000 00:00 0 
7fa02a1f8000-7fa02a3f8000 rw-p 00000000 00:00 0 
7fa02a3f8000-7fa02a5f8000 rw-p 00000000 00:00 0 
7fa02a5f8000-7fa02a5fb000 ---p 00000000 00:00 0 
7fa02a5fb000-7fa02a6f9000 rw-p 00000000 00:00 0                          [stack:9762]
7fa02a6f9000-7fa02a6fc000 ---p 00000000 00:00 0 
7fa02a6fc000-7fa02a9fa000 rw-p 00000000 00:00 0                          [stack:9851]
7fa02a9fa000-7fa02abfa000 rw-p 00000000 00:00 0 
7fa02abfa000-7fa02abfd000 ---p 00000000 00:00 0 
7fa02abfd000-7fa02acfb000 rw-p 00000000 00:00 0                          [stack:9785]
7fa02acfb000-7fa02acfe000 ---p 00000000 00:00 0 
7fa02acfe000-7fa02affc000 rw-p 00000000 00:00 0                          [stack:9784]
7fa02affc000-7fa02b1fc000 rw-p 00000000 00:00 0 
7fa02b1fc000-7fa02b3fc000 rw-p 00000000 00:00 0 
7fa02b3fc000-7fa02b5fc000 rw-p 00000000 00:00 0 
7fa02b5fc000-7fa02b7fc000 rw-p 00000000 00:00 0 
7fa02b7fc000-7fa02b9fc000 rw-p 00000000 00:00 0 
7fa02b9fc000-7fa02bbfc000 rw-p 00000000 00:00 0 
7fa02bbfc000-7fa02bbff000 ---p 00000000 00:00 0 
7fa02bbff000-7fa02bcfd000 rw-p 00000000 00:00 0                          [stack:9746]
7fa02bcfd000-7fa02bcfe000 ---p 00000000 00:00 0 
7fa02bcfe000-7fa02bdfe000 rw-p 00000000 00:00 0                          [stack:9745]
7fa02bdfe000-7fa02be01000 ---p 00000000 00:00 0 
7fa02be01000-7fa02beff000 rw-p 00000000 00:00 0                          [stack:9744]
7fa02beff000-7fa02bf02000 ---p 00000000 00:00 0 
7fa02bf02000-7fa02c000000 rw-p 00000000 00:00 0                          [stack:9743]
7fa02c000000-7fa02c021000 rw-p 00000000 00:00 0 
7fa02c021000-7fa030000000 ---p 00000000 00:00 0 
7fa030053000-7fa030055000 rw-p 00000000 00:00 0 
7fa030055000-7fa03005a000 r--s 002f8000 08:01 31994544                   /home/keertiraj/java/jdk1.8.0_25/jre/lib/charsets.jar
7fa03005a000-7fa03006d000 r--s 00344000 08:01 31994654                   /home/keertiraj/java/jdk1.8.0_25/jre/lib/resources.jar
7fa03006d000-7fa030089000 r--s 00393000 08:01 31994640                   /home/keertiraj/java/jdk1.8.0_25/jre/lib/ext/cldrdata.jar
7fa030089000-7fa030093000 r--s 00116000 08:01 31994634                   /home/keertiraj/java/jdk1.8.0_25/jre/lib/ext/localedata.jar
7fa030093000-7fa030096000 ---p 00000000 00:00 0 
7fa030096000-7fa030194000 rw-p 00000000 00:00 0                          [stack:9742]
7fa030194000-7fa030198000 r--s 00093000 08:01 31994628                   /home/keertiraj/java/jdk1.8.0_25/jre/lib/jsse.jar
7fa030198000-7fa0301a9000 r-xp 00000000 08:01 31994607                   /home/keertiraj/java/jdk1.8.0_25/jre/lib/amd64/libnio.so
7fa0301a9000-7fa0303a8000 ---p 00011000 08:01 31994607                   /home/keertiraj/java/jdk1.8.0_25/jre/lib/amd64/libnio.so
7fa0303a8000-7fa0303a9000 rw-p 00010000 08:01 31994607                   /home/keertiraj/java/jdk1.8.0_25/jre/lib/amd64/libnio.so
7fa0303a9000-7fa0303bf000 r-xp 00000000 08:01 31994582                   /home/keertiraj/java/jdk1.8.0_25/jre/lib/amd64/libnet.so
7fa0303bf000-7fa0305bf000 ---p 00016000 08:01 31994582                   /home/keertiraj/java/jdk1.8.0_25/jre/lib/amd64/libnet.so
7fa0305bf000-7fa0305c0000 rw-p 00016000 08:01 31994582                   /home/keertiraj/java/jdk1.8.0_25/jre/lib/amd64/libnet.so
7fa0305c0000-7fa0305c8000 r-xp 00000000 08:01 31994567                   /home/keertiraj/java/jdk1.8.0_25/jre/lib/amd64/libmanagement.so
7fa0305c8000-7fa0307c8000 ---p 00008000 08:01 31994567                   /home/keertiraj/java/jdk1.8.0_25/jre/lib/amd64/libmanagement.so
7fa0307c8000-7fa0307c9000 rw-p 00008000 08:01 31994567                   /home/keertiraj/java/jdk1.8.0_25/jre/lib/amd64/libmanagement.so
7fa0307c9000-7fa0307cc000 ---p 00000000 00:00 0 
7fa0307cc000-7fa0308ca000 rw-p 00000000 00:00 0                          [stack:9741]
7fa0308ca000-7fa0308cd000 ---p 00000000 00:00 0 
7fa0308cd000-7fa0309cb000 rw-p 00000000 00:00 0                          [stack:9740]
7fa0309cb000-7fa0309ce000 ---p 00000000 00:00 0 
7fa0309ce000-7fa030acc000 rw-p 00000000 00:00 0                          [stack:9739]
7fa030acc000-7fa030acf000 ---p 00000000 00:00 0 
7fa030acf000-7fa030bcd000 rw-p 00000000 00:00 0                          [stack:9738]
7fa030bcd000-7fa030bd4000 r--s 00060000 08:01 31984924                   /home/keertiraj/tmp/springloaded-1.2.3.RELEASE.jar
7fa030bd4000-7fa030bdf000 r--s 00050000 08:01 38011341                   /home/keertiraj/.m2/repository/org/springframework/security/spring-security-core/3.2.8.RELEASE/spring-security-core-3.2.8.RELEASE.jar
7fa030bdf000-7fa030be2000 r--s 00012000 08:01 38011351                   /home/keertiraj/.m2/repository/org/springframework/security/spring-security-acl/3.2.8.RELEASE/spring-security-acl-3.2.8.RELEASE.jar
7fa030be2000-7fa030be3000 r--s 00005000 08:01 38011349                   /home/keertiraj/.m2/repository/org/springframework/security/spring-security-taglibs/3.2.8.RELEASE/spring-security-taglibs-3.2.8.RELEASE.jar
7fa030be3000-7fa030bec000 r--s 0004f000 08:01 36310938                   /home/keertiraj/.m2/repository/org/springframework/spring-aop/4.1.7.RELEASE/spring-aop-4.1.7.RELEASE.jar
7fa030bec000-7fa030bf6000 r--s 0004b000 08:01 38011343                   /home/keertiraj/.m2/repository/org/springframework/security/spring-security-web/3.2.8.RELEASE/spring-security-web-3.2.8.RELEASE.jar
7fa030bf6000-7fa030bf8000 r--s 00000000 08:01 32245267                   /home/keertiraj/.m2/repository/aopalliance/aopalliance/1.0/aopalliance-1.0.jar
7fa030bf8000-7fa030bff000 r--s 0005d000 08:01 38011339                   /home/keertiraj/.m2/repository/org/springframework/security/spring-security-config/3.2.8.RELEASE/spring-security-config-3.2.8.RELEASE.jar
7fa030bff000-7fa030c04000 r--s 0003b000 08:01 36441647                   /home/keertiraj/.m2/repository/org/springframework/spring-expression/4.1.7.RELEASE/spring-expression-4.1.7.RELEASE.jar
7fa030c04000-7fa030c11000 r--s 000a1000 08:01 36441645                   /home/keertiraj/.m2/repository/org/springframework/spring-beans/4.1.7.RELEASE/spring-beans-4.1.7.RELEASE.jar
7fa030c11000-7fa030c12000 r--s 00000000 08:01 38011337                   /home/keertiraj/.m2/repository/org/springframework/boot/spring-boot-starter-security/1.2.6.RELEASE/spring-boot-starter-security-1.2.6.RELEASE.jar
7fa030c12000-7fa030c1c000 r--s 000e4000 08:01 33426068                   /home/keertiraj/.m2/repository/mysql/mysql-connector-java/5.1.36/mysql-connector-java-5.1.36.jar
7fa030c1c000-7fa030c1e000 r--s 0000c000 08:01 33164102                   /home/keertiraj/.m2/repository/org/springframework/spring-aspects/4.1.7.RELEASE/spring-aspects-4.1.7.RELEASE.jar
7fa030c1e000-7fa030c20000 r--s 00003000 08:01 36572019                   /home/keertiraj/.m2/repository/org/slf4j/jcl-over-slf4j/1.7.12/jcl-over-slf4j-1.7.12.jar
7fa030c20000-7fa030c21000 r--s 00007000 08:01 36703395                   /home/keertiraj/.m2/repository/org/slf4j/slf4j-api/1.7.12/slf4j-api-1.7.12.jar
7fa030c21000-7fa030c2e000 r--s 0006f000 08:01 33164100                   /home/keertiraj/.m2/repository/org/springframework/data/spring-data-commons/1.9.3.RELEASE/spring-data-commons-1.9.3.RELEASE.jar
7fa030c2e000-7fa030c34000 r--s 00032000 08:01 32901805                   /home/keertiraj/.m2/repository/org/springframework/data/spring-data-jpa/1.7.3.RELEASE/spring-data-jpa-1.7.3.RELEASE.jar
7fa030c34000-7fa030c3c000 r--s 00054000 08:01 32770352                   /home/keertiraj/.m2/repository/org/springframework/spring-orm/4.1.7.RELEASE/spring-orm-4.1.7.RELEASE.jar
7fa030c3c000-7fa030c3e000 r--s 00006000 08:01 32245379                   /home/keertiraj/.m2/repository/javax/transaction/javax.transaction-api/1.2/javax.transaction-api-1.2.jar
7fa030c3e000-7fa030c48000 r--s 000a5000 08:01 32245380                   /home/keertiraj/.m2/repository/org/javassist/javassist/3.18.1-GA/javassist-3.18.1-GA.jar
7fa030c48000-7fa030c4d000 r--s 00017000 08:01 32245381                   /home/keertiraj/.m2/repository/org/hibernate/javax/persistence/hibernate-jpa-2.1-api/1.0.0.Final/hibernate-jpa-2.1-api-1.0.0.Final.jar
7fa030c4d000-7fa030c50000 r--s 00010000 08:01 32245374                   /home/keertiraj/.m2/repository/org/hibernate/common/hibernate-commons-annotations/4.0.5.Final/hibernate-commons-annotations-4.0.5.Final.jar
7fa030c50000-7fa030c55000 r--s 00016000 08:01 32245375                   /home/keertiraj/.m2/repository/xml-apis/xml-apis/1.0.b2/xml-apis-1.0.b2.jar
7fa030c55000-7fa030c5a000 r--s 00048000 08:01 32245371                   /home/keertiraj/.m2/repository/dom4j/dom4j/1.6.1/dom4j-1.6.1.jar
7fa030c5a000-7fa030c5c000 r--s 00011000 08:01 32245369                   /home/keertiraj/.m2/repository/org/jboss/jandex/1.1.0.Final/jandex-1.1.0.Final.jar
7fa030c5c000-7fa030c61000 r--s 00068000 08:01 32245367                   /home/keertiraj/.m2/repository/antlr/antlr/2.7.7/antlr-2.7.7.jar
7fa030c61000-7fa030cbf000 r--s 004ac000 08:01 32770346                   /home/keertiraj/.m2/repository/org/hibernate/hibernate-core/4.3.11.Final/hibernate-core-4.3.11.Final.jar
7fa030cbf000-7fa030cc0000 r--s 00002000 08:01 32245363                   /home/keertiraj/.m2/repository/org/jboss/logging/jboss-logging-annotations/1.2.0.Beta1/jboss-logging-annotations-1.2.0.Beta1.jar
7fa030cc0000-7fa030cce000 r--s 00091000 08:01 32638049                   /home/keertiraj/.m2/repository/org/hibernate/hibernate-entitymanager/4.3.11.Final/hibernate-entitymanager-4.3.11.Final.jar
7fa030cce000-7fa030cd5000 r--s 00037000 08:01 32510486                   /home/keertiraj/.m2/repository/org/springframework/spring-tx/4.1.7.RELEASE/spring-tx-4.1.7.RELEASE.jar
7fa030cd5000-7fa030cd6000 r--s 00009000 08:01 32638045                   /home/keertiraj/.m2/repository/org/apache/tomcat/tomcat-juli/8.0.26/tomcat-juli-8.0.26.jar
7fa030cd6000-7fa030cd9000 r--s 0001f000 08:01 32510484                   /home/keertiraj/.m2/repository/org/apache/tomcat/tomcat-jdbc/8.0.26/tomcat-jdbc-8.0.26.jar
7fa030cd9000-7fa030ce3000 r--s 0005f000 08:01 32510482                   /home/keertiraj/.m2/repository/org/springframework/spring-jdbc/4.1.7.RELEASE/spring-jdbc-4.1.7.RELEASE.jar
7fa030ce3000-7fa030ce4000 r--s 00000000 08:01 32377774                   /home/keertiraj/.m2/repository/org/springframework/boot/spring-boot-starter-jdbc/1.2.6.RELEASE/spring-boot-starter-jdbc-1.2.6.RELEASE.jar
7fa030ce4000-7fa030cfd000 r--s 001ae000 08:01 32377772                   /home/keertiraj/.m2/repository/org/aspectj/aspectjweaver/1.8.6/aspectjweaver-1.8.6.jar
7fa030cfd000-7fa030d01000 r--s 00019000 08:01 32377770                   /home/keertiraj/.m2/repository/org/aspectj/aspectjrt/1.8.6/aspectjrt-1.8.6.jar
7fa030d01000-7fa030d02000 r--s 00000000 08:01 32246114                   /home/keertiraj/.m2/repository/org/springframework/boot/spring-boot-starter-aop/1.2.6.RELEASE/spring-boot-starter-aop-1.2.6.RELEASE.jar
7fa030d02000-7fa030d03000 r--s 00000000 08:01 32246112                   /home/keertiraj/.m2/repository/org/springframework/boot/spring-boot-starter-data-jpa/1.2.6.RELEASE/spring-boot-starter-data-jpa-1.2.6.RELEASE.jar
7fa030d03000-7fa030d75000 r--s 0065a000 08:01 32245453                   /home/keertiraj/.m2/repository/org/scala-lang/scala-library/2.10.4/scala-library-2.10.4.jar
7fa030d75000-7fa030d87000 r--s 00223000 08:01 33821068                   /home/keertiraj/.m2/repository/org/eclipse/jdt/core/compiler/ecj/4.4.2/ecj-4.4.2.jar
7fa030d87000-7fa030d8c000 r--s 00036000 08:01 37097056                   /home/keertiraj/.m2/repository/org/apache/tomcat/embed/tomcat-embed-el/8.0.26/tomcat-embed-el-8.0.26.jar
7fa030d8c000-7fa030db0000 r--s 0028b000 08:01 36965891                   /home/keertiraj/.m2/repository/org/apache/tomcat/embed/tomcat-embed-core/8.0.26/tomcat-embed-core-8.0.26.jar
7fa030db0000-7fa030db9000 r--s 00094000 08:01 37881485                   /home/keertiraj/.m2/repository/org/apache/tomcat/embed/tomcat-embed-jasper/8.0.26/tomcat-embed-jasper-8.0.26.jar
7fa030db9000-7fa030dbb000 r--s 0000d000 08:01 32246033                   /home/keertiraj/.m2/repository/com/fasterxml/classmate/1.0.0/classmate-1.0.0.jar
7fa030dbb000-7fa030dbd000 r--s 0000c000 08:01 32245258                   /home/keertiraj/.m2/repository/org/jboss/logging/jboss-logging/3.1.3.GA/jboss-logging-3.1.3.GA.jar
7fa030dbd000-7fa030dcb000 r--s 0008d000 08:01 32245260                   /home/keertiraj/.m2/repository/org/hibernate/hibernate-validator/5.1.3.Final/hibernate-validator-5.1.3.Final.jar
7fa030dcb000-7fa030dd5000 r--s 0005c000 08:01 32901797                   /home/keertiraj/.m2/repository/javax/servlet/jstl/1.2/jstl-1.2.jar
7fa030dd5000-7fa030ddd000 r--s 0003b000 08:01 37881460                   /home/keertiraj/.m2/repository/org/springframework/boot/spring-boot-actuator/1.2.6.RELEASE/spring-boot-actuator-1.2.6.RELEASE.jar
7fa030ddd000-7fa030de6000 r--s 00086000 08:01 35917259                   /home/keertiraj/.m2/repository/com/sun/mail/javax.mail/1.5.4/javax.mail-1.5.4.jar
7fa030de6000-7fa030dfe000 r--s 000e3000 08:01 36310940                   /home/keertiraj/.m2/repository/org/springframework/spring-context/4.1.7.RELEASE/spring-context-4.1.7.RELEASE.jar
7fa030dfe000-7fa030e0e000 r--s 000b0000 08:01 37491098                   /home/keertiraj/.m2/repository/org/springframework/spring-webmvc/4.1.7.RELEASE/spring-webmvc-4.1.7.RELEASE.jar
7fa030e0e000-7fa030e1e000 r--s 000a1000 08:01 37360492                   /home/keertiraj/.m2/repository/org/springframework/spring-web/4.1.7.RELEASE/spring-web-4.1.7.RELEASE.jar
7fa030e1e000-7fa030e21000 ---p 00000000 00:00 0 
7fa030e21000-7fa030f1f000 rw-p 00000000 00:00 0                          [stack:9737]
7fa030f1f000-7fa031601000 r--p 00000000 08:01 47192582                   /usr/lib/locale/locale-archive
7fa031601000-7fa031604000 ---p 00000000 00:00 0 
7fa031604000-7fa031702000 rw-p 00000000 00:00 0                          [stack:9735]
7fa031702000-7fa031705000 ---p 00000000 00:00 0 
7fa031705000-7fa031803000 rw-p 00000000 00:00 0                          [stack:9734]
7fa031803000-7fa031804000 ---p 00000000 00:00 0 
7fa031804000-7fa032862000 rw-p 00000000 00:00 0                          [stack:9733]
7fa032862000-7fa032a38000 r--s 03caa000 08:01 31994625                   /home/keertiraj/java/jdk1.8.0_25/jre/lib/rt.jar
7fa032a38000-7fa03b718000 rw-p 00000000 00:00 0 
7fa03b718000-7fa03b719000 ---p 00000000 00:00 0 
7fa03b719000-7fa03b819000 rw-p 00000000 00:00 0                          [stack:9732]
7fa03b819000-7fa03b81a000 ---p 00000000 00:00 0 
7fa03b81a000-7fa03b91a000 rw-p 00000000 00:00 0                          [stack:9731]
7fa03b91a000-7fa03b91b000 ---p 00000000 00:00 0 
7fa03b91b000-7fa03ba1b000 rw-p 00000000 00:00 0                          [stack:9730]
7fa03ba1b000-7fa03ba1c000 ---p 00000000 00:00 0 
7fa03ba1c000-7fa03bb71000 rw-p 00000000 00:00 0                          [stack:9729]
7fa03bb71000-7fa03c04e000 ---p 00000000 00:00 0 
7fa03c04e000-7fa03c0a3000 rw-p 00000000 00:00 0 
7fa03c0a3000-7fa03c57f000 ---p 00000000 00:00 0 
7fa03c57f000-7fa03c689000 rw-p 00000000 00:00 0 
7fa03c689000-7fa03c818000 ---p 00000000 00:00 0 
7fa03c818000-7fa03c85c000 rw-p 00000000 00:00 0 
7fa03c85c000-7fa03cbd9000 ---p 00000000 00:00 0 
7fa03cbd9000-7fa03dc99000 rwxp 00000000 00:00 0 
7fa03dc99000-7fa04bbd9000 ---p 00000000 00:00 0 
7fa04bbd9000-7fa04bbf3000 r-xp 00000000 08:01 31994576                   /home/keertiraj/java/jdk1.8.0_25/jre/lib/amd64/libzip.so
7fa04bbf3000-7fa04bdf3000 ---p 0001a000 08:01 31994576                   /home/keertiraj/java/jdk1.8.0_25/jre/lib/amd64/libzip.so
7fa04bdf3000-7fa04bdf4000 rw-p 0001a000 08:01 31994576                   /home/keertiraj/java/jdk1.8.0_25/jre/lib/amd64/libzip.so
7fa04bdf4000-7fa04bdff000 r-xp 00000000 08:01 40894638                   /lib/x86_64-linux-gnu/libnss_files-2.19.so
7fa04bdff000-7fa04bffe000 ---p 0000b000 08:01 40894638                   /lib/x86_64-linux-gnu/libnss_files-2.19.so
7fa04bffe000-7fa04bfff000 r--p 0000a000 08:01 40894638                   /lib/x86_64-linux-gnu/libnss_files-2.19.so
7fa04bfff000-7fa04c000000 rw-p 0000b000 08:01 40894638                   /lib/x86_64-linux-gnu/libnss_files-2.19.so
7fa04c000000-7fa04ce38000 rw-p 00000000 00:00 0 
7fa04ce38000-7fa050000000 ---p 00000000 00:00 0 
7fa050000000-7fa050004000 r--s 0000c000 08:01 32245257                   /home/keertiraj/.m2/repository/javax/validation/validation-api/1.1.0.Final/validation-api-1.1.0.Final.jar
7fa050004000-7fa050006000 r--s 0000e000 08:01 36965897                   /home/keertiraj/.m2/repository/javax/activation/activation/1.1/activation-1.1.jar
7fa050006000-7fa05000b000 r--s 00027000 08:01 37881206                   /home/keertiraj/.m2/repository/org/springframework/spring-context-support/4.1.7.RELEASE/spring-context-support-4.1.7.RELEASE.jar
7fa05000b000-7fa050020000 r--s 000e2000 08:01 36310936                   /home/keertiraj/.m2/repository/org/springframework/spring-core/4.1.7.RELEASE/spring-core-4.1.7.RELEASE.jar
7fa050020000-7fa050024000 r--s 00034000 08:01 37360490                   /home/keertiraj/.m2/repository/com/fasterxml/jackson/core/jackson-core/2.4.6/jackson-core-2.4.6.jar
7fa050024000-7fa050035000 r--s 000f7000 08:01 37227670                   /home/keertiraj/.m2/repository/com/fasterxml/jackson/core/jackson-databind/2.4.6/jackson-databind-2.4.6.jar
7fa050035000-7fa050040000 r-xp 00000000 08:01 40898720                   /lib/x86_64-linux-gnu/libnss_nis-2.19.so
7fa050040000-7fa05023f000 ---p 0000b000 08:01 40898720                   /lib/x86_64-linux-gnu/libnss_nis-2.19.so
7fa05023f000-7fa050240000 r--p 0000a000 08:01 40898720                   /lib/x86_64-linux-gnu/libnss_nis-2.19.so
7fa050240000-7fa050241000 rw-p 0000b000 08:01 40898720                   /lib/x86_64-linux-gnu/libnss_nis-2.19.so
7fa050241000-7fa050258000 r-xp 00000000 08:01 40898369                   /lib/x86_64-linux-gnu/libnsl-2.19.so
7fa050258000-7fa050457000 ---p 00017000 08:01 40898369                   /lib/x86_64-linux-gnu/libnsl-2.19.so
7fa050457000-7fa050458000 r--p 00016000 08:01 40898369                   /lib/x86_64-linux-gnu/libnsl-2.19.so
7fa050458000-7fa050459000 rw-p 00017000 08:01 40898369                   /lib/x86_64-linux-gnu/libnsl-2.19.so
7fa050459000-7fa05045b000 rw-p 00000000 00:00 0 
7fa05045b000-7fa050464000 r-xp 00000000 08:01 40898366                   /lib/x86_64-linux-gnu/libnss_compat-2.19.so
7fa050464000-7fa050663000 ---p 00009000 08:01 40898366                   /lib/x86_64-linux-gnu/libnss_compat-2.19.so
7fa050663000-7fa050664000 r--p 00008000 08:01 40898366                   /lib/x86_64-linux-gnu/libnss_compat-2.19.so
7fa050664000-7fa050665000 rw-p 00009000 08:01 40898366                   /lib/x86_64-linux-gnu/libnss_compat-2.19.so
7fa050665000-7fa05066f000 r-xp 00000000 08:01 31994584                   /home/keertiraj/java/jdk1.8.0_25/jre/lib/amd64/libinstrument.so
7fa05066f000-7fa05086e000 ---p 0000a000 08:01 31994584                   /home/keertiraj/java/jdk1.8.0_25/jre/lib/amd64/libinstrument.so
7fa05086e000-7fa05086f000 rw-p 00009000 08:01 31994584                   /home/keertiraj/java/jdk1.8.0_25/jre/lib/amd64/libinstrument.so
7fa05086f000-7fa050899000 r-xp 00000000 08:01 31994555                   /home/keertiraj/java/jdk1.8.0_25/jre/lib/amd64/libjava.so
7fa050899000-7fa050a99000 ---p 0002a000 08:01 31994555                   /home/keertiraj/java/jdk1.8.0_25/jre/lib/amd64/libjava.so
7fa050a99000-7fa050a9b000 rw-p 0002a000 08:01 31994555                   /home/keertiraj/java/jdk1.8.0_25/jre/lib/amd64/libjava.so
7fa050a9b000-7fa050aa8000 r-xp 00000000 08:01 31994570                   /home/keertiraj/java/jdk1.8.0_25/jre/lib/amd64/libverify.so
7fa050aa8000-7fa050ca8000 ---p 0000d000 08:01 31994570                   /home/keertiraj/java/jdk1.8.0_25/jre/lib/amd64/libverify.so
7fa050ca8000-7fa050caa000 rw-p 0000d000 08:01 31994570                   /home/keertiraj/java/jdk1.8.0_25/jre/lib/amd64/libverify.so
7fa050caa000-7fa050cb1000 r-xp 00000000 08:01 40898714                   /lib/x86_64-linux-gnu/librt-2.19.so
7fa050cb1000-7fa050eb0000 ---p 00007000 08:01 40898714                   /lib/x86_64-linux-gnu/librt-2.19.so
7fa050eb0000-7fa050eb1000 r--p 00006000 08:01 40898714                   /lib/x86_64-linux-gnu/librt-2.19.so
7fa050eb1000-7fa050eb2000 rw-p 00007000 08:01 40898714                   /lib/x86_64-linux-gnu/librt-2.19.so
7fa050eb2000-7fa050fb7000 r-xp 00000000 08:01 40894553                   /lib/x86_64-linux-gnu/libm-2.19.so
7fa050fb7000-7fa0511b6000 ---p 00105000 08:01 40894553                   /lib/x86_64-linux-gnu/libm-2.19.so
7fa0511b6000-7fa0511b7000 r--p 00104000 08:01 40894553                   /lib/x86_64-linux-gnu/libm-2.19.so
7fa0511b7000-7fa0511b8000 rw-p 00105000 08:01 40894553                   /lib/x86_64-linux-gnu/libm-2.19.so
7fa0511b8000-7fa051e25000 r-xp 00000000 08:01 31994592                   /home/keertiraj/java/jdk1.8.0_25/jre/lib/amd64/server/libjvm.so
7fa051e25000-7fa052024000 ---p 00c6d000 08:01 31994592                   /home/keertiraj/java/jdk1.8.0_25/jre/lib/amd64/server/libjvm.so
7fa052024000-7fa0520fa000 rw-p 00c6c000 08:01 31994592                   /home/keertiraj/java/jdk1.8.0_25/jre/lib/amd64/server/libjvm.so
7fa0520fa000-7fa05213d000 rw-p 00000000 00:00 0 
7fa05213d000-7fa0522f8000 r-xp 00000000 08:01 40898506                   /lib/x86_64-linux-gnu/libc-2.19.so
7fa0522f8000-7fa0524f7000 ---p 001bb000 08:01 40898506                   /lib/x86_64-linux-gnu/libc-2.19.so
7fa0524f7000-7fa0524fb000 r--p 001ba000 08:01 40898506                   /lib/x86_64-linux-gnu/libc-2.19.so
7fa0524fb000-7fa0524fd000 rw-p 001be000 08:01 40898506                   /lib/x86_64-linux-gnu/libc-2.19.so
7fa0524fd000-7fa052502000 rw-p 00000000 00:00 0 
7fa052502000-7fa052505000 r-xp 00000000 08:01 40894645                   /lib/x86_64-linux-gnu/libdl-2.19.so
7fa052505000-7fa052704000 ---p 00003000 08:01 40894645                   /lib/x86_64-linux-gnu/libdl-2.19.so
7fa052704000-7fa052705000 r--p 00002000 08:01 40894645                   /lib/x86_64-linux-gnu/libdl-2.19.so
7fa052705000-7fa052706000 rw-p 00003000 08:01 40894645                   /lib/x86_64-linux-gnu/libdl-2.19.so
7fa052706000-7fa05271b000 r-xp 00000000 08:01 31993650                   /home/keertiraj/java/jdk1.8.0_25/lib/amd64/jli/libjli.so
7fa05271b000-7fa05291a000 ---p 00015000 08:01 31993650                   /home/keertiraj/java/jdk1.8.0_25/lib/amd64/jli/libjli.so
7fa05291a000-7fa05291b000 rw-p 00014000 08:01 31993650                   /home/keertiraj/java/jdk1.8.0_25/lib/amd64/jli/libjli.so
7fa05291b000-7fa052934000 r-xp 00000000 08:01 40898710                   /lib/x86_64-linux-gnu/libpthread-2.19.so
7fa052934000-7fa052b33000 ---p 00019000 08:01 40898710                   /lib/x86_64-linux-gnu/libpthread-2.19.so
7fa052b33000-7fa052b34000 r--p 00018000 08:01 40898710                   /lib/x86_64-linux-gnu/libpthread-2.19.so
7fa052b34000-7fa052b35000 rw-p 00019000 08:01 40898710                   /lib/x86_64-linux-gnu/libpthread-2.19.so
7fa052b35000-7fa052b39000 rw-p 00000000 00:00 0 
7fa052b39000-7fa052b5c000 r-xp 00000000 08:01 40898440                   /lib/x86_64-linux-gnu/ld-2.19.so
7fa052b5c000-7fa052b5d000 r--s 00000000 08:01 37881458                   /home/keertiraj/.m2/repository/org/springframework/boot/spring-boot-starter-actuator/1.2.6.RELEASE/spring-boot-starter-actuator-1.2.6.RELEASE.jar
7fa052b5d000-7fa052b60000 r--s 00007000 08:01 37360488                   /home/keertiraj/.m2/repository/com/fasterxml/jackson/core/jackson-annotations/2.4.6/jackson-annotations-2.4.6.jar
7fa052b60000-7fa052b66000 r--s 00036000 08:01 37227668                   /home/keertiraj/.m2/repository/org/apache/tomcat/embed/tomcat-embed-websocket/8.0.26/tomcat-embed-websocket-8.0.26.jar
7fa052b66000-7fa052b6d000 r--s 0003d000 08:01 32245252                   /home/keertiraj/.m2/repository/org/yaml/snakeyaml/1.14/snakeyaml-1.14.jar
7fa052b6d000-7fa052b78000 r--s 00065000 08:01 32768380                   /home/keertiraj/.m2/repository/ch/qos/logback/logback-core/1.1.3/logback-core-1.1.3.jar
7fa052b78000-7fa052b7e000 r--s 0003f000 08:01 32768377                   /home/keertiraj/.m2/repository/ch/qos/logback/logback-classic/1.1.3/logback-classic-1.1.3.jar
7fa052b7e000-7fa052b8e000 r--s 0006b000 08:01 36441643                   /home/keertiraj/.m2/repository/org/springframework/boot/spring-boot-autoconfigure/1.2.6.RELEASE/spring-boot-autoconfigure-1.2.6.RELEASE.jar
7fa052b8e000-7fa052c37000 rw-p 00000000 00:00 0 
7fa052c37000-7fa052c3a000 ---p 00000000 00:00 0 
7fa052c3a000-7fa052d3c000 rw-p 00000000 00:00 0                          [stack:9724]
7fa052d3c000-7fa052d3d000 r--s 00000000 08:01 37620165                   /home/keertiraj/.m2/repository/org/springframework/boot/spring-boot-starter-mail/1.2.6.RELEASE/spring-boot-starter-mail-1.2.6.RELEASE.jar
7fa052d3d000-7fa052d3e000 r--s 00009000 08:01 37097058                   /home/keertiraj/.m2/repository/org/apache/tomcat/embed/tomcat-embed-logging-juli/8.0.26/tomcat-embed-logging-juli-8.0.26.jar
7fa052d3e000-7fa052d3f000 r--s 00000000 08:01 36834732                   /home/keertiraj/.m2/repository/org/springframework/boot/spring-boot-starter-tomcat/1.2.6.RELEASE/spring-boot-starter-tomcat-1.2.6.RELEASE.jar
7fa052d3f000-7fa052d40000 r--s 00005000 08:01 36703399                   /home/keertiraj/.m2/repository/org/slf4j/log4j-over-slf4j/1.7.12/log4j-over-slf4j-1.7.12.jar
7fa052d40000-7fa052d42000 r--s 00000000 08:01 36703397                   /home/keertiraj/.m2/repository/org/slf4j/jul-to-slf4j/1.7.12/jul-to-slf4j-1.7.12.jar
7fa052d42000-7fa052d43000 r--s 00000000 08:01 36572017                   /home/keertiraj/.m2/repository/org/springframework/boot/spring-boot-starter-logging/1.2.6.RELEASE/spring-boot-starter-logging-1.2.6.RELEASE.jar
7fa052d43000-7fa052d4d000 r--s 00060000 08:01 36181247                   /home/keertiraj/.m2/repository/org/springframework/boot/spring-boot/1.2.6.RELEASE/spring-boot-1.2.6.RELEASE.jar
7fa052d4d000-7fa052d4e000 r--s 00000000 08:01 36181245                   /home/keertiraj/.m2/repository/org/springframework/boot/spring-boot-starter/1.2.6.RELEASE/spring-boot-starter-1.2.6.RELEASE.jar
7fa052d4e000-7fa052d4f000 r--s 00000000 08:01 36048606                   /home/keertiraj/.m2/repository/org/springframework/boot/spring-boot-starter-web/1.2.6.RELEASE/spring-boot-starter-web-1.2.6.RELEASE.jar
7fa052d4f000-7fa052d57000 rw-s 00000000 08:01 42467740                   /tmp/hsperfdata_keertiraj/9722
7fa052d57000-7fa052d58000 rw-p 00000000 00:00 0 
7fa052d58000-7fa052d59000 r--p 00000000 00:00 0 
7fa052d59000-7fa052d5b000 rw-p 00000000 00:00 0 
7fa052d5b000-7fa052d5c000 r--p 00022000 08:01 40898440                   /lib/x86_64-linux-gnu/ld-2.19.so
7fa052d5c000-7fa052d5d000 rw-p 00023000 08:01 40898440                   /lib/x86_64-linux-gnu/ld-2.19.so
7fa052d5d000-7fa052d5e000 rw-p 00000000 00:00 0 
7fffcdfe6000-7fffce009000 rw-p 00000000 00:00 0                          [stack]
7fffce0f8000-7fffce0fa000 r-xp 00000000 00:00 0                          [vdso]
ffffffffff600000-ffffffffff601000 r-xp 00000000 00:00 0                  [vsyscall]

VM Arguments:
jvm_args: -Dcom.sun.management.jmxremote -Dcom.sun.management.jmxremote.port=14134 -Dcom.sun.management.jmxremote.authenticate=false -Dcom.sun.management.jmxremote.ssl=false -Dspring.liveBeansView.mbeanDomain -Dspring.application.admin.enabled=true -Djava.security.egd=file:/dev/./urandom -Dspring.liveBeansView.mbeanDomain -Dcom.sun.management.jmxremote -Dcom.sun.management.jmxremote.port=56255 -javaagent:/home/keertiraj/tmp/springloaded-1.2.3.RELEASE.jar -Xverify:none -Dfile.encoding=UTF-8 
java_command: com.naturalprogrammer.spring.sample.NaturalprogrammerSpringSampleApplication --debug
java_class_path (initial): /home/keertiraj/Documents/workspace-sts-3.7.1.RELEASE/naturalprogrammer-spring-sample/target/classes:/home/keertiraj/.m2/repository/org/springframework/boot/spring-boot-starter-web/1.2.6.RELEASE/spring-boot-starter-web-1.2.6.RELEASE.jar:/home/keertiraj/.m2/repository/org/springframework/boot/spring-boot-starter/1.2.6.RELEASE/spring-boot-starter-1.2.6.RELEASE.jar:/home/keertiraj/.m2/repository/org/springframework/boot/spring-boot/1.2.6.RELEASE/spring-boot-1.2.6.RELEASE.jar:/home/keertiraj/.m2/repository/org/springframework/boot/spring-boot-autoconfigure/1.2.6.RELEASE/spring-boot-autoconfigure-1.2.6.RELEASE.jar:/home/keertiraj/.m2/repository/org/springframework/boot/spring-boot-starter-logging/1.2.6.RELEASE/spring-boot-starter-logging-1.2.6.RELEASE.jar:/home/keertiraj/.m2/repository/org/slf4j/jul-to-slf4j/1.7.12/jul-to-slf4j-1.7.12.jar:/home/keertiraj/.m2/repository/org/slf4j/log4j-over-slf4j/1.7.12/log4j-over-slf4j-1.7.12.jar:/home/keertiraj/.m2/repository/ch/qos/logback/logback-classic/1.1.3/logback-classic-1.1.3.jar:/home/keertiraj/.m2/repository/ch/qos/logback/logback-core/1.1.3/logback-core-1.1.3.jar:/home/keertiraj/.m2/repository/org/yaml/snakeyaml/1.14/snakeyaml-1.14.jar:/home/keertiraj/.m2/repository/org/springframework/boot/spring-boot-starter-tomcat/1.2.6.RELEASE/spring-boot-starter-tomcat-1.2.6.RELEASE.jar:/home/keertiraj/.m2/repository/org/apache/tomcat/embed/tomcat-embed-logging-juli/8.0.26/tomcat-embed-logging-juli-8.0.26.jar:/home/keertiraj/.m2/repository/org/apache/tomcat/embed/tomcat-embed-websocket/8.0.26/tomcat-embed-websocket-8.0.26.jar:/home/keertiraj/.m2/repository/com/fasterxml/jackson/core/jackson-databind/2.4.6/jackson-databind-2.4.6.jar:/home/keertiraj/.m2/repository/com/fasterxml/jackson/core/jackson-annotations/2.4.6/jackson-annotations-2.4.6.jar:/home/keertiraj/.m2/repository/com/fasterxml/jackson/core/jackson-core/2.4.6/jackson-core-2.4.6.jar:/home/keertiraj/.m2/repository/org/springframework/spring-core/4.1.7
Launcher Type: SUN_STANDARD

Environment Variables:
JAVA_HOME=/home/keertiraj/java/jdk1.8.0_25
PATH=/home/keertiraj/bin:/usr/local/sbin:/usr/local/bin:/usr/sbin:/usr/bin:/sbin:/bin:/usr/games:/usr/local/games:/home/keertiraj/bin:/home/keertiraj/java/jdk1.8.0_25/bin:/opt/tomcat/bin
SHELL=/bin/bash
DISPLAY=:0.0

Signal Handlers:
SIGSEGV: [libjvm.so+0xa79a80], sa_mask[0]=11111111011111111101111111111110, sa_flags=SA_RESTART|SA_SIGINFO
SIGBUS: [libjvm.so+0xa79a80], sa_mask[0]=11111111011111111101111111111110, sa_flags=SA_RESTART|SA_SIGINFO
SIGFPE: [libjvm.so+0x8e24e0], sa_mask[0]=11111111011111111101111111111110, sa_flags=SA_RESTART|SA_SIGINFO
SIGPIPE: [libjvm.so+0x8e24e0], sa_mask[0]=11111111011111111101111111111110, sa_flags=SA_RESTART|SA_SIGINFO
SIGXFSZ: [libjvm.so+0x8e24e0], sa_mask[0]=11111111011111111101111111111110, sa_flags=SA_RESTART|SA_SIGINFO
SIGILL: [libjvm.so+0x8e24e0], sa_mask[0]=11111111011111111101111111111110, sa_flags=SA_RESTART|SA_SIGINFO
SIGUSR1: SIG_DFL, sa_mask[0]=00000000000000000000000000000000, sa_flags=none
SIGUSR2: [libjvm.so+0x8e3d10], sa_mask[0]=00100000000000000000000000000000, sa_flags=SA_RESTART|SA_SIGINFO
SIGHUP: [libjvm.so+0x8e50d0], sa_mask[0]=11111111011111111101111111111110, sa_flags=SA_RESTART|SA_SIGINFO
SIGINT: [libjvm.so+0x8e50d0], sa_mask[0]=11111111011111111101111111111110, sa_flags=SA_RESTART|SA_SIGINFO
SIGTERM: [libjvm.so+0x8e50d0], sa_mask[0]=11111111011111111101111111111110, sa_flags=SA_RESTART|SA_SIGINFO
SIGQUIT: [libjvm.so+0x8e50d0], sa_mask[0]=11111111011111111101111111111110, sa_flags=SA_RESTART|SA_SIGINFO


---------------  S Y S T E M  ---------------

OS:DISTRIB_ID=Ubuntu
DISTRIB_RELEASE=14.04
DISTRIB_CODENAME=trusty
DISTRIB_DESCRIPTION="Ubuntu 14.04.1 LTS"

uname:Linux 3.13.0-40-generic #69-Ubuntu SMP Thu Nov 13 17:53:56 UTC 2014 x86_64
libc:glibc 2.19 NPTL 2.19 
rlimit: STACK 8192k, CORE 0k, NPROC 127396, NOFILE 4096, AS infinity
load average:0.48 0.50 0.34

/proc/meminfo:
MemTotal:       16328172 kB
MemFree:         7152628 kB
Buffers:          336628 kB
Cached:          4190656 kB
SwapCached:            0 kB
Active:          5384572 kB
Inactive:        3218000 kB
Active(anon):    4086896 kB
Inactive(anon):   834872 kB
Active(file):    1297676 kB
Inactive(file):  2383128 kB
Unevictable:          48 kB
Mlocked:              48 kB
SwapTotal:      16669692 kB
SwapFree:       16669692 kB
Dirty:               200 kB
Writeback:             0 kB
AnonPages:       4075412 kB
Mapped:           782232 kB
Shmem:            846484 kB
Slab:             349272 kB
SReclaimable:     303620 kB
SUnreclaim:        45652 kB
KernelStack:        6048 kB
PageTables:        58400 kB
NFS_Unstable:          0 kB
Bounce:                0 kB
WritebackTmp:          0 kB
CommitLimit:    24833776 kB
Committed_AS:   10076556 kB
VmallocTotal:   34359738367 kB
VmallocUsed:      573328 kB
VmallocChunk:   34359137148 kB
HardwareCorrupted:     0 kB
AnonHugePages:   2441216 kB
HugePages_Total:       0
HugePages_Free:        0
HugePages_Rsvd:        0
HugePages_Surp:        0
Hugepagesize:       2048 kB
DirectMap4k:       80640 kB
DirectMap2M:     4007936 kB
DirectMap1G:    12582912 kB


CPU:total 4 (2 cores per cpu, 2 threads per core) family 6 model 69 stepping 1, cmov, cx8, fxsr, mmx, sse, sse2, sse3, ssse3, sse4.1, sse4.2, popcnt, avx, avx2, aes, clmul, erms, lzcnt, ht, tsc, tscinvbit, bmi1, bmi2

/proc/cpuinfo:
processor	: 0
vendor_id	: GenuineIntel
cpu family	: 6
model		: 69
model name	: Intel(R) Core(TM) i5-4210U CPU @ 1.70GHz
stepping	: 1
microcode	: 0x17
cpu MHz		: 1600.000
cache size	: 3072 KB
physical id	: 0
siblings	: 4
core id		: 0
cpu cores	: 2
apicid		: 0
initial apicid	: 0
fpu		: yes
fpu_exception	: yes
cpuid level	: 13
wp		: yes
flags		: fpu vme de pse tsc msr pae mce cx8 apic sep mtrr pge mca cmov pat pse36 clflush dts acpi mmx fxsr sse sse2 ss ht tm pbe syscall nx pdpe1gb rdtscp lm constant_tsc arch_perfmon pebs bts rep_good nopl xtopology nonstop_tsc aperfmperf eagerfpu pni pclmulqdq dtes64 monitor ds_cpl vmx est tm2 ssse3 fma cx16 xtpr pdcm pcid sse4_1 sse4_2 movbe popcnt tsc_deadline_timer aes xsave avx f16c rdrand lahf_lm abm ida arat epb xsaveopt pln pts dtherm tpr_shadow vnmi flexpriority ept vpid fsgsbase tsc_adjust bmi1 avx2 smep bmi2 erms invpcid
bogomips	: 4788.72
clflush size	: 64
cache_alignment	: 64
address sizes	: 39 bits physical, 48 bits virtual
power management:

processor	: 1
vendor_id	: GenuineIntel
cpu family	: 6
model		: 69
model name	: Intel(R) Core(TM) i5-4210U CPU @ 1.70GHz
stepping	: 1
microcode	: 0x17
cpu MHz		: 1700.000
cache size	: 3072 KB
physical id	: 0
siblings	: 4
core id		: 0
cpu cores	: 2
apicid		: 1
initial apicid	: 1
fpu		: yes
fpu_exception	: yes
cpuid level	: 13
wp		: yes
flags		: fpu vme de pse tsc msr pae mce cx8 apic sep mtrr pge mca cmov pat pse36 clflush dts acpi mmx fxsr sse sse2 ss ht tm pbe syscall nx pdpe1gb rdtscp lm constant_tsc arch_perfmon pebs bts rep_good nopl xtopology nonstop_tsc aperfmperf eagerfpu pni pclmulqdq dtes64 monitor ds_cpl vmx est tm2 ssse3 fma cx16 xtpr pdcm pcid sse4_1 sse4_2 movbe popcnt tsc_deadline_timer aes xsave avx f16c rdrand lahf_lm abm ida arat epb xsaveopt pln pts dtherm tpr_shadow vnmi flexpriority ept vpid fsgsbase tsc_adjust bmi1 avx2 smep bmi2 erms invpcid
bogomips	: 4788.72
clflush size	: 64
cache_alignment	: 64
address sizes	: 39 bits physical, 48 bits virtual
power management:

processor	: 2
vendor_id	: GenuineIntel
cpu family	: 6
model		: 69
model name	: Intel(R) Core(TM) i5-4210U CPU @ 1.70GHz
stepping	: 1
microcode	: 0x17
cpu MHz		: 1700.000
cache size	: 3072 KB
physical id	: 0
siblings	: 4
core id		: 1
cpu cores	: 2
apicid		: 2
initial apicid	: 2
fpu		: yes
fpu_exception	: yes
cpuid level	: 13
wp		: yes
flags		: fpu vme de pse tsc msr pae mce cx8 apic sep mtrr pge mca cmov pat pse36 clflush dts acpi mmx fxsr sse sse2 ss ht tm pbe syscall nx pdpe1gb rdtscp lm constant_tsc arch_perfmon pebs bts rep_good nopl xtopology nonstop_tsc aperfmperf eagerfpu pni pclmulqdq dtes64 monitor ds_cpl vmx est tm2 ssse3 fma cx16 xtpr pdcm pcid sse4_1 sse4_2 movbe popcnt tsc_deadline_timer aes xsave avx f16c rdrand lahf_lm abm ida arat epb xsaveopt pln pts dtherm tpr_shadow vnmi flexpriority ept vpid fsgsbase tsc_adjust bmi1 avx2 smep bmi2 erms invpcid
bogomips	: 4788.72
clflush size	: 64
cache_alignment	: 64
address sizes	: 39 bits physical, 48 bits virtual
power management:

processor	: 3
vendor_id	: GenuineIntel
cpu family	: 6
model		: 69
model name	: Intel(R) Core(TM) i5-4210U CPU @ 1.70GHz
stepping	: 1
microcode	: 0x17
cpu MHz		: 1700.000
cache size	: 3072 KB
physical id	: 0
siblings	: 4
core id		: 1
cpu cores	: 2
apicid		: 3
initial apicid	: 3
fpu		: yes
fpu_exception	: yes
cpuid level	: 13
wp		: yes
flags		: fpu vme de pse tsc msr pae mce cx8 apic sep mtrr pge mca cmov pat pse36 clflush dts acpi mmx fxsr sse sse2 ss ht tm pbe syscall nx pdpe1gb rdtscp lm constant_tsc arch_perfmon pebs bts rep_good nopl xtopology nonstop_tsc aperfmperf eagerfpu pni pclmulqdq dtes64 monitor ds_cpl vmx est tm2 ssse3 fma cx16 xtpr pdcm pcid sse4_1 sse4_2 movbe popcnt tsc_deadline_timer aes xsave avx f16c rdrand lahf_lm abm ida arat epb xsaveopt pln pts dtherm tpr_shadow vnmi flexpriority ept vpid fsgsbase tsc_adjust bmi1 avx2 smep bmi2 erms invpcid
bogomips	: 4788.72
clflush size	: 64
cache_alignment	: 64
address sizes	: 39 bits physical, 48 bits virtual
power management:



Memory: 4k page, physical 16328172k(7152628k free), swap 16669692k(16669692k free)

vm_info: Java HotSpot(TM) 64-Bit Server VM (25.25-b02) for linux-amd64 JRE (1.8.0_25-b17), built on Sep 17 2014 17:32:11 by "java_re" with gcc 4.3.0 20080428 (Red Hat 4.3.0-8)

time: Sun Oct 18 20:11:02 2015
elapsed time: 122 seconds (0d 0h 2m 2s)

